Using pre-set license

 COMMAND LINE ARGUMENTS:
/Users/jean-loup/Desktop/Progs/unity/2020.3.12f1/Unity.app/Contents/MacOS/Unity
-adb2
-batchMode
-noUpm
-name
AssetImportWorker0
-projectPath
/Users/jean-loup/Desktop/Progs/Unity/Voronoi Islands
-logFile
Logs/AssetImportWorker0.log
-srvPort
56845
Successfully changed project path to: /Users/jean-loup/Desktop/Progs/Unity/Voronoi Islands
/Users/jean-loup/Desktop/Progs/Unity/Voronoi Islands
Using Asset Import Pipeline V2.
Refreshing native plugins compatible for Editor in 28.77 ms, found 2 plugins.
Preloading 0 native plugins for Editor in 0.00 ms.
Initialize engine version: 2020.3.12f1 (b3b2c6512326)
[Subsystems] Discovering subsystems at path /Users/jean-loup/Desktop/Progs/unity/2020.3.12f1/Unity.app/Contents/Resources/UnitySubsystems
[Subsystems] Discovering subsystems at path /Users/jean-loup/Desktop/Progs/Unity/Voronoi Islands/Assets
GfxDevice: creating device client; threaded=0
2022-03-18 18:37:29.069 Unity[16211:355727] Color LCD preferred device: AMD Radeon Pro 555X (high power)
2022-03-18 18:37:29.069 Unity[16211:355727] Metal devices available: 2
2022-03-18 18:37:29.070 Unity[16211:355727] 0: AMD Radeon Pro 555X (high power)
2022-03-18 18:37:29.070 Unity[16211:355727] 1: Intel(R) UHD Graphics 630 (low power)
2022-03-18 18:37:29.070 Unity[16211:355727] Using device AMD Radeon Pro 555X (high power)
Initializing Metal device caps: AMD Radeon Pro 555X
Initialize mono
Mono path[0] = '/Users/jean-loup/Desktop/Progs/unity/2020.3.12f1/Unity.app/Contents/Managed'
Mono path[1] = '/Users/jean-loup/Desktop/Progs/unity/2020.3.12f1/Unity.app/Contents/MonoBleedingEdge/lib/mono/unityjit'
Mono config path = '/Users/jean-loup/Desktop/Progs/unity/2020.3.12f1/Unity.app/Contents/MonoBleedingEdge/etc'
Using monoOptions --debugger-agent=transport=dt_socket,embedding=1,server=y,suspend=n,address=127.0.0.1:56211
Begin MonoManager ReloadAssembly
Registering precompiled unity dll's ...
Register platform support module: /Users/jean-loup/Desktop/Progs/unity/2020.3.12f1/Unity.app/Contents/PlaybackEngines/MacStandaloneSupport/UnityEditor.OSXStandalone.Extensions.dll
Registered in 0.000710 seconds.
Native extension for OSXStandalone target not found
Refreshing native plugins compatible for Editor in 24.04 ms, found 2 plugins.
Preloading 0 native plugins for Editor in 0.00 ms.
Mono: successfully reloaded assembly
- Completed reload, in  3.303 seconds
Platform modules already initialized, skipping
Registering precompiled user dll's ...
Registered in 0.001361 seconds.
Begin MonoManager ReloadAssembly
Native extension for OSXStandalone target not found
Refreshing native plugins compatible for Editor in 0.29 ms, found 2 plugins.
Preloading 0 native plugins for Editor in 0.00 ms.
Mono: successfully reloaded assembly
- Completed reload, in  1.153 seconds
Platform modules already initialized, skipping
========================================================================
Worker process is ready to serve import requests
Launching external process: /Users/jean-loup/Desktop/Progs/unity/2020.3.12f1/Unity.app/Contents/Tools/UnityShaderCompiler
Launched and connected shader compiler UnityShaderCompiler after 0.01 seconds
Refreshing native plugins compatible for Editor in 0.28 ms, found 2 plugins.
Preloading 0 native plugins for Editor in 0.00 ms.
Unloading 1395 Unused Serialized files (Serialized files now loaded: 0)
System memory in use before: 141.7 MB.
System memory in use after: 141.7 MB.

Unloading 19 unused Assets to reduce memory usage. Loaded Objects now: 1829.
Total: 1.678538 ms (FindLiveObjects: 0.149858 ms CreateObjectMapping: 0.040366 ms MarkObjects: 1.403884 ms  DeleteObjects: 0.083630 ms)

AssetImportParameters requested are different than current active one (requested -> active):
  custom:video-decoder-ogg-theora: a1e56fd34408186e4bbccfd4996cb3dc -> 
  custom:container-muxer-webm: aa71ff27fc2769a1b78a27578f13a17b -> 
  custom:container-demuxer-webm: 4f35f7cbe854078d1ac9338744f61a02 -> 
  custom:container-demuxer-ogg: 62fdf1f143b41e24485cea50d1cbac27 -> 
  custom:video-encoder-webm-vp8: eb34c28f22e8b96e1ab97ce403110664 -> 
  custom:framework-osx-AVFoundation: b23960f63f64bdc6ff669e2cdcee2391 -> 
  custom:video-decoder-webm-vp8: 9c59270c3fd7afecdb556c50c9e8de78 -> 
  custom:audio-decoder-ogg-vorbis: bf7c407c2cedff20999df2af8eb42d56 -> 
  custom:audio-encoder-webm-vorbis: bf7c407c2cedff20999df2af8eb42d56 -> 
========================================================================
Received Import Request.
  path: Assets/Voronoi/Scripts/Voronoi.cs
  artifactKey: Guid(2c73daedc01ca4fbe9d6a49f647dffa4) Importer(815301076,1909f56bfc062723c751e8b465ee728b)
Start importing Assets/Voronoi/Scripts/Voronoi.cs using Guid(2c73daedc01ca4fbe9d6a49f647dffa4) Importer(815301076,1909f56bfc062723c751e8b465ee728b)  -> (artifact id: '78aed06532541a2bcf91c9c0f5b2571f') in 0.316306 seconds 
  Import took 0.318461 seconds .

========================================================================
Received Prepare
Registering precompiled user dll's ...
Registered in 0.002648 seconds.
Begin MonoManager ReloadAssembly
Native extension for OSXStandalone target not found
Refreshing native plugins compatible for Editor in 0.27 ms, found 2 plugins.
Preloading 0 native plugins for Editor in 0.00 ms.
Mono: successfully reloaded assembly
- Completed reload, in  1.038 seconds
Platform modules already initialized, skipping
Refreshing native plugins compatible for Editor in 0.26 ms, found 2 plugins.
Preloading 0 native plugins for Editor in 0.00 ms.
Unloading 1389 Unused Serialized files (Serialized files now loaded: 0)
System memory in use before: 146.0 MB.
System memory in use after: 146.1 MB.

Unloading 14 unused Assets to reduce memory usage. Loaded Objects now: 1832.
Total: 1.525443 ms (FindLiveObjects: 0.124907 ms CreateObjectMapping: 0.036121 ms MarkObjects: 1.319111 ms  DeleteObjects: 0.044618 ms)

AssetImportParameters requested are different than current active one (requested -> active):
  custom:video-decoder-ogg-theora: a1e56fd34408186e4bbccfd4996cb3dc -> 
  custom:container-muxer-webm: aa71ff27fc2769a1b78a27578f13a17b -> 
  custom:container-demuxer-webm: 4f35f7cbe854078d1ac9338744f61a02 -> 
  custom:container-demuxer-ogg: 62fdf1f143b41e24485cea50d1cbac27 -> 
  custom:video-encoder-webm-vp8: eb34c28f22e8b96e1ab97ce403110664 -> 
  custom:framework-osx-AVFoundation: b23960f63f64bdc6ff669e2cdcee2391 -> 
  custom:video-decoder-webm-vp8: 9c59270c3fd7afecdb556c50c9e8de78 -> 
  custom:audio-decoder-ogg-vorbis: bf7c407c2cedff20999df2af8eb42d56 -> 
  custom:audio-encoder-webm-vorbis: bf7c407c2cedff20999df2af8eb42d56 -> 
========================================================================
Received Import Request.
  Time since last request: 50.160704 seconds.
  path: Assets/Voronoi/Scripts/Voronoi.cs
  artifactKey: Guid(2c73daedc01ca4fbe9d6a49f647dffa4) Importer(815301076,1909f56bfc062723c751e8b465ee728b)
Start importing Assets/Voronoi/Scripts/Voronoi.cs using Guid(2c73daedc01ca4fbe9d6a49f647dffa4) Importer(815301076,1909f56bfc062723c751e8b465ee728b)  -> (artifact id: '79cf3baa15836ca2862129d69bb956c6') in 0.005391 seconds 
  Import took 0.008484 seconds .

========================================================================
Received Import Request.
  Time since last request: 62.309844 seconds.
  path: Assets/Voronoi/Scenes/Voronoi Islands.unity
  artifactKey: Guid(58854147be039447ca95a3195ba0bed4) Importer(815301076,1909f56bfc062723c751e8b465ee728b)
Start importing Assets/Voronoi/Scenes/Voronoi Islands.unity using Guid(58854147be039447ca95a3195ba0bed4) Importer(815301076,1909f56bfc062723c751e8b465ee728b)  -> (artifact id: '0cf15eb9bc32e2cefce86d2d925b41f1') in 0.009963 seconds 
  Import took 0.013507 seconds .

========================================================================
Received Import Request.
  Time since last request: 0.000641 seconds.
  path: Assets/Voronoi/Scenes/Voronoi Islands.unity
  artifactKey: Guid(58854147be039447ca95a3195ba0bed4) Importer(815301076,1909f56bfc062723c751e8b465ee728b)
Start importing Assets/Voronoi/Scenes/Voronoi Islands.unity using Guid(58854147be039447ca95a3195ba0bed4) Importer(815301076,1909f56bfc062723c751e8b465ee728b)  -> (artifact id: '0cf15eb9bc32e2cefce86d2d925b41f1') in 0.001405 seconds 
  Import took 0.003691 seconds .

========================================================================
Received Prepare
Registering precompiled user dll's ...
Registered in 0.003177 seconds.
Begin MonoManager ReloadAssembly
Native extension for OSXStandalone target not found
Refreshing native plugins compatible for Editor in 0.27 ms, found 2 plugins.
Preloading 0 native plugins for Editor in 0.00 ms.
Mono: successfully reloaded assembly
- Completed reload, in  1.004 seconds
Platform modules already initialized, skipping
Refreshing native plugins compatible for Editor in 0.27 ms, found 2 plugins.
Preloading 0 native plugins for Editor in 0.00 ms.
Unloading 1389 Unused Serialized files (Serialized files now loaded: 0)
System memory in use before: 146.2 MB.
System memory in use after: 146.3 MB.

Unloading 14 unused Assets to reduce memory usage. Loaded Objects now: 1835.
Total: 1.541060 ms (FindLiveObjects: 0.140695 ms CreateObjectMapping: 0.038017 ms MarkObjects: 1.313441 ms  DeleteObjects: 0.048302 ms)

AssetImportParameters requested are different than current active one (requested -> active):
  custom:video-decoder-ogg-theora: a1e56fd34408186e4bbccfd4996cb3dc -> 
  custom:container-muxer-webm: aa71ff27fc2769a1b78a27578f13a17b -> 
  custom:container-demuxer-webm: 4f35f7cbe854078d1ac9338744f61a02 -> 
  custom:container-demuxer-ogg: 62fdf1f143b41e24485cea50d1cbac27 -> 
  custom:video-encoder-webm-vp8: eb34c28f22e8b96e1ab97ce403110664 -> 
  custom:framework-osx-AVFoundation: b23960f63f64bdc6ff669e2cdcee2391 -> 
  custom:video-decoder-webm-vp8: 9c59270c3fd7afecdb556c50c9e8de78 -> 
  custom:audio-decoder-ogg-vorbis: bf7c407c2cedff20999df2af8eb42d56 -> 
  custom:audio-encoder-webm-vorbis: bf7c407c2cedff20999df2af8eb42d56 -> 
AssetImportWorkerClient::OnTransportError - code=2 error=End of file
